<?xml version="1.0" encoding="UTF-8"?>
<!-- Generated by org.testng.reporters.JUnitReportReporter -->
<testsuite hostname="DESKTOP-GOTDN6L" failures="0" tests="2" name="assignments.InsurancePolicy" time="10.058" errors="0" timestamp="2021-12-02T17:24:15 IST" skipped="0">
  <testcase classname="assignments.InsurancePolicy" name="homePage" time="6.522"/>
  <system-out/>
  <testcase classname="assignments.InsurancePolicy" name="claim" time="3.536"/>
  <system-out/>
</testsuite> <!-- assignments.InsurancePolicy -->
