<?xml version="1.0" encoding="UTF-8"?>
<!-- Generated by org.testng.reporters.JUnitReportReporter -->
<testsuite hostname="DESKTOP-GOTDN6L" failures="0" tests="1" name="assignments.Flipkart" time="16.104" errors="0" timestamp="2021-12-02T18:17:45 IST" skipped="0">
  <testcase classname="assignments.Flipkart" name="flipkart" time="16.104"/>
  <system-out/>
</testsuite> <!-- assignments.Flipkart -->
