<?xml version="1.0" encoding="UTF-8"?>
<!-- Generated by org.testng.reporters.JUnitReportReporter -->
<testsuite hostname="DESKTOP-GOTDN6L" failures="0" tests="3" name="com.selenium.testng.HardAssertTest" time="24.959" errors="0" timestamp="2021-10-23T09:44:26 IST" skipped="0">
  <testcase classname="com.selenium.testng.HardAssertTest" name="homePageTest" time="8.174"/>
  <system-out/>
  <testcase classname="com.selenium.testng.HardAssertTest" name="verifySearchTest" time="10.285"/>
  <system-out/>
  <testcase classname="com.selenium.testng.HardAssertTest" name="propertyDetailTest" time="6.500"/>
  <system-out/>
</testsuite> <!-- com.selenium.testng.HardAssertTest -->
