<?xml version="1.0" encoding="UTF-8"?>
<!-- Generated by org.testng.reporters.JUnitReportReporter -->
<testsuite hostname="DESKTOP-GOTDN6L" failures="0" tests="3" name="assignments.GoogleSearch" time="38.559" errors="0" timestamp="2021-11-05T17:50:36 IST" skipped="0">
  <testcase classname="assignments.GoogleSearch" name="homePage" time="10.001"/>
  <system-out/>
  <testcase classname="assignments.GoogleSearch" name="searchSnapdeal" time="11.460"/>
  <system-out/>
  <testcase classname="assignments.GoogleSearch" name="wikipedia" time="17.098"/>
  <system-out/>
</testsuite> <!-- assignments.GoogleSearch -->
