<?xml version="1.0" encoding="UTF-8"?>
<!-- Generated by org.testng.reporters.JUnitReportReporter -->
<testsuite hostname="DESKTOP-GOTDN6L" failures="0" tests="4" name="com.selenium.webobject.BasicWebObject" time="13.371" errors="0" timestamp="2021-10-23T12:40:48 IST" skipped="0">
  <testcase classname="com.selenium.webobject.BasicWebObject" name="handleTxtBox" time="12.642"/>
  <system-out/>
  <testcase classname="com.selenium.webobject.BasicWebObject" name="handleRadioButton" time="0.263"/>
  <system-out/>
  <testcase classname="com.selenium.webobject.BasicWebObject" name="handleCheckBox" time="0.173"/>
  <system-out/>
  <testcase classname="com.selenium.webobject.BasicWebObject" name="handleDropdownList" time="0.293"/>
  <system-out/>
</testsuite> <!-- com.selenium.webobject.BasicWebObject -->
