<?xml version="1.0" encoding="UTF-8"?>
<!-- Generated by org.testng.reporters.JUnitReportReporter -->
<testsuite hostname="DESKTOP-GOTDN6L" failures="0" tests="2" name="com.selenium.keyworddriven.FixedDeposit_Test" time="22.164" errors="0" timestamp="2021-12-03T11:44:43 IST" skipped="0">
  <testcase classname="com.selenium.keyworddriven.FixedDeposit_Test" name="FixedDeposit_10000" time="16.431"/>
  <system-out/>
  <testcase classname="com.selenium.keyworddriven.FixedDeposit_Test" name="FixedDeposit_20000" time="5.733"/>
  <system-out/>
</testsuite> <!-- com.selenium.keyworddriven.FixedDeposit_Test -->
