<?xml version="1.0" encoding="UTF-8"?>
<!-- Generated by org.testng.reporters.JUnitReportReporter -->
<testsuite hostname="DESKTOP-GOTDN6L" failures="0" tests="1" name="com.selenium.keyworddriven.Julimer_github" time="7.479" errors="0" timestamp="2021-12-02T17:24:54 IST" skipped="0">
  <testcase classname="com.selenium.keyworddriven.Julimer_github" name="f" time="7.479"/>
  <system-out/>
</testsuite> <!-- com.selenium.keyworddriven.Julimer_github -->
