<?xml version="1.0" encoding="UTF-8"?>
<!-- Generated by org.testng.reporters.JUnitReportReporter -->
<testsuite hostname="DESKTOP-GOTDN6L" failures="0" tests="1" name="com.selenium.testng.OrangeHRMLoginTestCase" time="16.320" errors="0" timestamp="2021-10-23T09:16:01 IST" skipped="0">
  <testcase classname="com.selenium.testng.OrangeHRMLoginTestCase" name="loginAdmin" time="16.320"/>
  <system-out/>
</testsuite> <!-- com.selenium.testng.OrangeHRMLoginTestCase -->
