<?xml version="1.0" encoding="UTF-8"?>
<!-- Generated by org.testng.reporters.JUnitReportReporter -->
<testsuite hostname="DESKTOP-GOTDN6L" failures="0" tests="1" name="com.silenium.datadriven.FD_DataDriven" time="33.048" errors="0" timestamp="2021-12-03T12:28:34 IST" skipped="0">
  <testcase classname="com.silenium.datadriven.FD_DataDriven" name="FixedDeposite_DataDriven" time="33.048"/>
  <system-out/>
</testsuite> <!-- com.silenium.datadriven.FD_DataDriven -->
