<?xml version="1.0" encoding="UTF-8"?>
<!-- Generated by org.testng.reporters.JUnitReportReporter -->
<testsuite hostname="DESKTOP-GOTDN6L" failures="0" tests="3" name="com.silenium.datadriven.FD_DataProvider" time="25.782" errors="0" timestamp="2021-12-03T13:13:50 IST" skipped="0">
  <testcase classname="com.silenium.datadriven.FD_DataProvider" name="f" time="11.135"/>
  <system-out/>
  <testcase classname="com.silenium.datadriven.FD_DataProvider" name="f" time="7.409"/>
  <system-out/>
  <testcase classname="com.silenium.datadriven.FD_DataProvider" name="f" time="7.238"/>
  <system-out/>
</testsuite> <!-- com.silenium.datadriven.FD_DataProvider -->
