<?xml version="1.0" encoding="UTF-8"?>
<!-- Generated by org.testng.reporters.JUnitReportReporter -->
<testsuite hostname="DESKTOP-GOTDN6L" failures="0" tests="2" name="com.selenium.testng.BrowserCodeWebdriverManager" time="54.638" errors="0" timestamp="2021-10-23T09:22:33 IST" skipped="0">
  <testcase classname="com.selenium.testng.BrowserCodeWebdriverManager" name="firefoxBrowser" time="36.499"/>
  <system-out/>
  <testcase classname="com.selenium.testng.BrowserCodeWebdriverManager" name="edgeBrowser" time="18.139"/>
  <system-out/>
</testsuite> <!-- com.selenium.testng.BrowserCodeWebdriverManager -->
