<?xml version="1.0" encoding="UTF-8"?>
<!-- Generated by org.testng.reporters.JUnitReportReporter -->
<testsuite hostname="DESKTOP-GOTDN6L" failures="0" tests="3" name="com.selenium.testng.LoginTestCase" time="26.316" errors="0" timestamp="2021-12-04T12:28:56 IST" skipped="0">
  <testcase classname="com.selenium.testng.LoginTestCase" name="loginAdmin" time="13.797"/>
  <system-out/>
  <testcase classname="com.selenium.testng.LoginTestCase" name="loginTestUser" time="6.371"/>
  <system-out/>
  <testcase classname="com.selenium.testng.LoginTestCase" name="loginSpeed" time="6.148"/>
  <system-out/>
</testsuite> <!-- com.selenium.testng.LoginTestCase -->
