<?xml version="1.0" encoding="UTF-8"?>
<!-- Generated by org.testng.reporters.JUnitReportReporter -->
<testsuite hostname="DESKTOP-GOTDN6L" failures="0" tests="1" name="com.selenium.testng.SearchSnapdeal" time="29.389" errors="0" timestamp="2021-12-04T12:28:56 IST" skipped="0">
  <testcase classname="com.selenium.testng.SearchSnapdeal" name="snapdealSearch" time="29.389"/>
  <system-out/>
</testsuite> <!-- com.selenium.testng.SearchSnapdeal -->
